Log created: 2026-05-09T09:18:18.371936000Z
Process ID:  1244362 (0x12fcca)
Parent PID:  1242519 (0x12f597)
Executable:  /usr/lib/virtualbox/VBoxHeadless
Arg[0]: /usr/lib/virtualbox/VBoxHeadless
Arg[1]: --comment
Arg[2]: hw20_pxeserver_1778292796756_7069
Arg[3]: --startvm
Arg[4]: 0835b077-fc89-4cf6-97a3-9755cb6a49ec
Arg[5]: --vrde
Arg[6]: config
E1000 #0: port=d010 mmio=00000000e4200000 mac-cfg=08:00:27:16:dd:ef 82540EM R0
General registers ------------------------------------------------------------------
   CTRL=48000249  STATUS=00000083    EECD=00000140    EERD=00000000  LEDCTL=07068302
    FLA=00000000    MDIC=18350000                                  CTRL_EXT=00000000
   FCAL=00000000    FCAH=00000000     FCT=00000000     VET=00008100   FCTTV=00000000
    PBA=00000000    TXCW=00000000    RXCW=00000000              EXTCNF_CTRL=00000000
Interrupt registers ----------------------------------------------------------------
    ICR=00000000     ITR=000000c3     ICS=00000000     IMS=0000009d     IMC=00000000
Receive registers ------------------------------------------------------------------
   RCTL=00008002  PSRCTL=00040402   FCRTL=00000000   FCRTH=00000000  RXDCTL=00000000
  RDBAL=0348e000   RDBAH=00000000   RDLEN=00001000     RDH=00000094     RDT=00000092
   RDTR=00000000    RADV=00000008   RSRPD=00000000  RXCSUM=00000200   RFCTL=00000000
Transmit registers -----------------------------------------------------------------
   TCTL=0103f0fa    TIPG=00602008    AIFS=00000000
  TDBAL=02a06000   TDBAH=00000000   TDLEN=00001000     TDH=00000057     TDT=00000057
   TIDV=00000008  TXDMAC=00000000  TXDCTL=01010000    TADV=00000020   TSPMT=01000400
Management registers ---------------------------------------------------------------
    WUC=00000000    WUFC=00000000     WUS=00000000
   IPAV=00000000    MANC=00000000    WUPL=00000000
Statistics registers ---------------------------------------------------------------
CRCERRS=00000000                 ALGNERRC=00000000 SYMERRS=00000000  RXERRC=00000000 
    MPC=00000000     SCC=00000000    ECOL=00000000
    MCC=00000000 LATECOL=00000000    COLC=00000000
     DC=00000000   TNCRS=00000000     SEC=00000000 CEXTERR=00000000    RLEC=00000000
 XONRXC=00000000  XONTXC=00000000 XOFFRXC=00000000 XOFFTXC=00000000   FCRUC=00000000
  PRC64=00000000  PRC127=00000000  PRC255=00000000
 PRC511=00000000 PRC1023=00000000 PRC1522=00000000
   GPRC=00000000    BPRC=00000000    MPRC=00000000    GPTC=00000000
  GORCL=00000000   GORCH=00000000   GOTCL=00000000   GOTCH=00000000    RNBC=00000000
    RUC=00000000     RFC=00000000     ROC=00000000     RJC=00000000
 MGTPRC=00000000  MGTPDC=00000000  MGTPTC=00000000     TPR=00000000     TPT=00000000
   TORL=00000000    TORH=00000000    TOTL=00000000    TOTH=00000000
  PTC64=00000000  PTC127=00000000  PTC255=00000000
 PTC511=00000000 PTC1023=00000000 PTC1522=00000000
   MPTC=00000000    BPTC=00000000   TSCTC=00000000  TSCTFC=00000000
Diagnostic registers ---------------------------------------------------------------
   RDFH=00000000    RDFT=00000000   RDFHS=00000000   RDFTS=00000000   RDFPC=00000000
   TDFH=00000000    TDFT=00000000   TDFHS=00000000   TDFTS=00000000   TDFPC=00000000

RA00: DST 08:00:27:16:dd:ef
RA01: DST 33:33:00:00:00:01
RA02: DST 01:00:5e:00:00:01
RA03: DST 33:33:ff:16:dd:ef
RA04: DST 01:80:c2:00:00:00
RA05: DST 01:80:c2:00:00:03
RA06: DST 01:80:c2:00:00:0e

PHY registers ----------------------------------------------------------------------
    PCTRL=1340  PSTATUS=796d      PID=0141     EPID=0c24      ANA=0de1      LPA=01e0
      ANE=0000      NPT=2001      LPN=0000     GCON=1e00  GSTATUS=0000 EPSTATUS=3000
    PSCON=0868   PSSTAT=bc08    PINTE=0000    PINTS=0000  EPSCON1=0d60     PREC=0000
  EPSCON2=000c    R30PS=0000    R30AW=0000

PHY MDIO: state=MDIO_IDLE acc=0 cnt=0 addr=0

E1000 #1: port=d040 mmio=00000000e4820000 mac-cfg=08:00:27:96:ec:72 82540EM R0
General registers ------------------------------------------------------------------
   CTRL=48000249  STATUS=00000083    EECD=00000140    EERD=00000000  LEDCTL=07068302
    FLA=00000000    MDIC=18350000                                  CTRL_EXT=00000000
   FCAL=00000000    FCAH=00000000     FCT=00000000     VET=00008100   FCTTV=00000000
    PBA=00000000    TXCW=00000000    RXCW=00000000              EXTCNF_CTRL=00000000
Interrupt registers ----------------------------------------------------------------
    ICR=00000000     ITR=000000c3     ICS=00000000     IMS=0000009d     IMC=00000000
Receive registers ------------------------------------------------------------------
   RCTL=00008002  PSRCTL=00040402   FCRTL=00000000   FCRTH=00000000  RXDCTL=00000000
  RDBAL=2c47e000   RDBAH=00000000   RDLEN=00001000     RDH=000000c8     RDT=000000c6
   RDTR=00000000    RADV=00000008   RSRPD=00000000  RXCSUM=00000200   RFCTL=00000000
Transmit registers -----------------------------------------------------------------
   TCTL=0103f0fa    TIPG=00602008    AIFS=00000000
  TDBAL=131b2000   TDBAH=00000000   TDLEN=00001000     TDH=00000049     TDT=00000049
   TIDV=00000008  TXDMAC=00000000  TXDCTL=01010000    TADV=00000020   TSPMT=01000400
Management registers ---------------------------------------------------------------
    WUC=00000000    WUFC=00000000     WUS=00000000
   IPAV=00000000    MANC=00000000    WUPL=00000000
Statistics registers ---------------------------------------------------------------
CRCERRS=00000000                 ALGNERRC=00000000 SYMERRS=00000000  RXERRC=00000000 
    MPC=00000000     SCC=00000000    ECOL=00000000
    MCC=00000000 LATECOL=00000000    COLC=00000000
     DC=00000000   TNCRS=00000000     SEC=00000000 CEXTERR=00000000    RLEC=00000000
 XONRXC=00000000  XONTXC=00000000 XOFFRXC=00000000 XOFFTXC=00000000   FCRUC=00000000
  PRC64=00000000  PRC127=00000000  PRC255=00000000
 PRC511=00000000 PRC1023=00000000 PRC1522=00000000
   GPRC=00000000    BPRC=00000000    MPRC=00000000    GPTC=00000000
  GORCL=00000000   GORCH=00000000   GOTCL=00000000   GOTCH=00000000    RNBC=00000000
    RUC=00000000     RFC=00000000     ROC=00000000     RJC=00000000
 MGTPRC=00000000  MGTPDC=00000000  MGTPTC=00000000     TPR=00000000     TPT=00000000
   TORL=00000000    TORH=00000000    TOTL=00000000    TOTH=00000000
  PTC64=00000000  PTC127=00000000  PTC255=00000000
 PTC511=00000000 PTC1023=00000000 PTC1522=00000000
   MPTC=00000000    BPTC=00000000   TSCTC=00000000  TSCTFC=00000000
Diagnostic registers ---------------------------------------------------------------
   RDFH=00000000    RDFT=00000000   RDFHS=00000000   RDFTS=00000000   RDFPC=00000000
   TDFH=00000000    TDFT=00000000   TDFHS=00000000   TDFTS=00000000   TDFPC=00000000

RA00: DST 08:00:27:96:ec:72
RA01: DST 33:33:00:00:00:01
RA02: DST 01:00:5e:00:00:01
RA03: DST 33:33:ff:96:ec:72
RA04: DST 01:80:c2:00:00:00
RA05: DST 01:80:c2:00:00:03
RA06: DST 01:80:c2:00:00:0e

PHY registers ----------------------------------------------------------------------
    PCTRL=1340  PSTATUS=796d      PID=0141     EPID=0c24      ANA=0de1      LPA=01e0
      ANE=0000      NPT=2001      LPN=0000     GCON=1e00  GSTATUS=0000 EPSTATUS=3000
    PSCON=0868   PSSTAT=bc08    PINTE=0000    PINTS=0000  EPSCON1=0d60     PREC=0000
  EPSCON2=000c    R30PS=0000    R30AW=0000

PHY MDIO: state=MDIO_IDLE acc=0 cnt=0 addr=0

E1000 #2: port=d048 mmio=00000000e4840000 mac-cfg=08:00:27:3a:9a:57 82540EM R0
General registers ------------------------------------------------------------------
   CTRL=48000249  STATUS=00000083    EECD=00000140    EERD=00000000  LEDCTL=07068302
    FLA=00000000    MDIC=18350000                                  CTRL_EXT=00000000
   FCAL=00000000    FCAH=00000000     FCT=00000000     VET=00008100   FCTTV=00000000
    PBA=00000000    TXCW=00000000    RXCW=00000000              EXTCNF_CTRL=00000000
Interrupt registers ----------------------------------------------------------------
    ICR=00000000     ITR=000000c3     ICS=00000000     IMS=0000009d     IMC=00000000
Receive registers ------------------------------------------------------------------
   RCTL=00008002  PSRCTL=00040402   FCRTL=00000000   FCRTH=00000000  RXDCTL=00000000
  RDBAL=04725000   RDBAH=00000000   RDLEN=00001000     RDH=00000027     RDT=00000025
   RDTR=00000000    RADV=00000008   RSRPD=00000000  RXCSUM=00000200   RFCTL=00000000
Transmit registers -----------------------------------------------------------------
   TCTL=0103f0fa    TIPG=00602008    AIFS=00000000
  TDBAL=161ec000   TDBAH=00000000   TDLEN=00001000     TDH=0000004f     TDT=0000004f
   TIDV=00000008  TXDMAC=00000000  TXDCTL=01010000    TADV=00000020   TSPMT=01000400
Management registers ---------------------------------------------------------------
    WUC=00000000    WUFC=00000000     WUS=00000000
   IPAV=00000000    MANC=00000000    WUPL=00000000
Statistics registers ---------------------------------------------------------------
CRCERRS=00000000                 ALGNERRC=00000000 SYMERRS=00000000  RXERRC=00000000 
    MPC=00000000     SCC=00000000    ECOL=00000000
    MCC=00000000 LATECOL=00000000    COLC=00000000
     DC=00000000   TNCRS=00000000     SEC=00000000 CEXTERR=00000000    RLEC=00000000
 XONRXC=00000000  XONTXC=00000000 XOFFRXC=00000000 XOFFTXC=00000000   FCRUC=00000000
  PRC64=00000000  PRC127=00000000  PRC255=00000000
 PRC511=00000000 PRC1023=00000000 PRC1522=00000000
   GPRC=00000000    BPRC=00000000    MPRC=00000000    GPTC=00000000
  GORCL=00000000   GORCH=00000000   GOTCL=00000000   GOTCH=00000000    RNBC=00000000
    RUC=00000000     RFC=00000000     ROC=00000000     RJC=00000000
 MGTPRC=00000000  MGTPDC=00000000  MGTPTC=00000000     TPR=00000000     TPT=00000000
   TORL=00000000    TORH=00000000    TOTL=00000000    TOTH=00000000
  PTC64=00000000  PTC127=00000000  PTC255=00000000
 PTC511=00000000 PTC1023=00000000 PTC1522=00000000
   MPTC=00000000    BPTC=00000000   TSCTC=00000000  TSCTFC=00000000
Diagnostic registers ---------------------------------------------------------------
   RDFH=00000000    RDFT=00000000   RDFHS=00000000   RDFTS=00000000   RDFPC=00000000
   TDFH=00000000    TDFT=00000000   TDFHS=00000000   TDFTS=00000000   TDFPC=00000000

RA00: DST 08:00:27:3a:9a:57
RA01: DST 33:33:00:00:00:01
RA02: DST 01:00:5e:00:00:01
RA03: DST 33:33:ff:3a:9a:57
RA04: DST 01:80:c2:00:00:00
RA05: DST 01:80:c2:00:00:03
RA06: DST 01:80:c2:00:00:0e

PHY registers ----------------------------------------------------------------------
    PCTRL=1340  PSTATUS=796d      PID=0141     EPID=0c24      ANA=0de1      LPA=01e0
      ANE=0000      NPT=2001      LPN=0000     GCON=1e00  GSTATUS=0000 EPSTATUS=3000
    PSCON=0868   PSSTAT=bc08    PINTE=0000    PINTS=0000  EPSCON1=0d60     PREC=0000
  EPSCON2=000c    R30PS=0000    R30AW=0000

PHY MDIO: state=MDIO_IDLE acc=0 cnt=0 addr=0

